<?xml version="1.0" encoding="UTF-8"?>
<!-- Generated by org.testng.reporters.JUnitXMLReporter -->
<testsuite ignored="0" hostname="BhushanDhamange" failures="0" tests="2" name="Qkart Test Cases" time="21.256" errors="0" timestamp="2024-10-06T17:07:51 IST">
  <testcase classname="io.cucumber.testng.AbstractTestNGCucumberTests" name="runScenario" time="14.745"/>
  <testcase classname="io.cucumber.testng.AbstractTestNGCucumberTests" name="runScenario" time="16.446"/>
</testsuite> <!-- Qkart Test Cases -->
