<?xml version="1.0" encoding="UTF-8"?>
<testng-results ignored="0" total="2" passed="2" failed="0" skipped="0">
  <reporter-output>
  </reporter-output>
  <suite started-at="2024-10-06T17:07:30 IST" name="Practice Suite" finished-at="2024-10-06T17:07:51 IST" duration-ms="21256">
    <groups>
      <group name="cucumber">
        <method signature="AbstractTestNGCucumberTests.runScenario(io.cucumber.testng.PickleWrapper,io.cucumber.testng.FeatureWrapper)[pri:0, instance:testrunners.MyTestRunner@729d991e]" name="runScenario" class="io.cucumber.testng.AbstractTestNGCucumberTests"/>
      </group> <!-- cucumber -->
    </groups>
    <test started-at="2024-10-06T17:07:30 IST" name="Qkart Test Cases" finished-at="2024-10-06T17:07:51 IST" duration-ms="21256">
      <class name="testrunners.MyTestRunner">
        <test-method is-config="true" signature="setUpClass(org.testng.ITestContext)[pri:0, instance:testrunners.MyTestRunner@729d991e]" started-at="2024-10-06T17:07:30 IST" name="setUpClass" finished-at="2024-10-06T17:07:31 IST" duration-ms="1002" status="PASS">
          <params>
            <param index="0">
              <value>
                <![CDATA[org.testng.TestRunner@433defed]]>
              </value>
            </param>
          </params>
          <reporter-output>
          </reporter-output>
        </test-method> <!-- setUpClass -->
        <test-method signature="runScenario(io.cucumber.testng.PickleWrapper,io.cucumber.testng.FeatureWrapper)[pri:0, instance:testrunners.MyTestRunner@729d991e]" started-at="2024-10-06T17:07:31 IST" name="runScenario" description="Runs Cucumber Scenarios" data-provider="scenarios" finished-at="2024-10-06T17:07:46 IST" duration-ms="14745" status="PASS">
          <params>
            <param index="0">
              <value>
                <![CDATA["Verify search functionality"]]>
              </value>
            </param>
            <param index="1">
              <value>
                <![CDATA["Home page feature"]]>
              </value>
            </param>
          </params>
          <reporter-output>
          </reporter-output>
        </test-method> <!-- runScenario -->
        <test-method signature="runScenario(io.cucumber.testng.PickleWrapper,io.cucumber.testng.FeatureWrapper)[pri:0, instance:testrunners.MyTestRunner@729d991e]" started-at="2024-10-06T17:07:31 IST" name="runScenario" description="Runs Cucumber Scenarios" data-provider="scenarios" finished-at="2024-10-06T17:07:47 IST" duration-ms="16446" status="PASS">
          <params>
            <param index="0">
              <value>
                <![CDATA["Verify comments"]]>
              </value>
            </param>
            <param index="1">
              <value>
                <![CDATA["Home page feature"]]>
              </value>
            </param>
          </params>
          <reporter-output>
          </reporter-output>
        </test-method> <!-- runScenario -->
        <test-method is-config="true" signature="tearDownClass()[pri:0, instance:testrunners.MyTestRunner@729d991e]" started-at="2024-10-06T17:07:47 IST" name="tearDownClass" finished-at="2024-10-06T17:07:51 IST" duration-ms="3762" status="PASS">
          <reporter-output>
          </reporter-output>
        </test-method> <!-- tearDownClass -->
      </class> <!-- testrunners.MyTestRunner -->
    </test> <!-- Qkart Test Cases -->
  </suite> <!-- Practice Suite -->
</testng-results>
